note: Building targets in dependency order
note: Target dependency graph (1 target)
[PickSort] Write Auxiliary File PickSort.LinkFileList
[PickSort] Write Auxiliary File PickSort.SwiftConstValuesFileList
[PickSort] Write Auxiliary File PickSort.SwiftFileList
[PickSort] Compiling AppDelegate.swift
[PickSort] Copy arm64-apple-macos.swiftmodule -> PickSort.swiftmodule
[PickSort] Copy arm64-apple-macos.abi.json -> PickSort.abi.json
[PickSort] Copy arm64-apple-macos.swiftsourceinfo -> PickSort.swiftsourceinfo
[PickSort] Linking PickSort.debug.dylib
note: Using stub executor library with Swift entry point. (in target 'PickSort' from project 'PickSort')
[PickSort] Linking PickSort
[PickSort] Extract App Intents Metadata
[PickSort] Processing empty-PickSort.plist
Signing PickSort.debug.dylib (in target 'PickSort' from project 'PickSort')
Signing __preview.dylib (in target 'PickSort' from project 'PickSort')
Signing PickSort.app (in target 'PickSort' from project 'PickSort')
[PickSort] Validate PickSort.app
[!] Skipping duplicate build file in Compile Sources build phase: /Users/achrip/projects/Academy/PickSort/PickSort/MainViewController.swift (in target 'PickSort' from project 'PickSort')
Build Succeeded

-----------------------------
-- xcodebuild.nvim summary --
-----------------------------

  ✔ Build Succeeded

